2018-06-08 21:24:11 [main] INFO  Cloud.Server.ServerMain -  [32m Connection to data base established:  [0m 
2018-06-08 21:24:35 [main] INFO  Cloud.Server.ServerMain -  [32m Connection to data base established:  [0m 
2018-06-08 21:59:52 [main] INFO  Cloud.Server.ServerMain -  [32m Connection to data base established:  [0m 
2018-06-08 22:00:02 [nioEventLoopGroup-3-1] INFO  Cloud.Server.ServerAuthHandler -  [32m Client connected from: localhost/127.0.0.1 [0m 
2018-06-08 22:00:02 [nioEventLoopGroup-3-1] INFO  Cloud.Server.SQLConnect - User:  [34m LoginTest [0m  authorized
2018-06-08 22:00:02 [nioEventLoopGroup-3-1] INFO  Cloud.Server.ServerAuthHandler - Сlient authorized by name:  [32m LoginTest  [0m 
2018-06-08 22:00:02 [nioEventLoopGroup-3-1] INFO  Cloud.Server.ServerHandler -  [36m Incoming message class Cloud.Common.MessageType.AuthMessage [0m 
2018-06-08 22:00:15 [nioEventLoopGroup-3-1] INFO  Cloud.Server.ServerHandler -  [36m Incoming message class Cloud.Common.MessageType.CommonMessage [0m 
2018-06-08 22:07:37 [main] INFO  Cloud.Server.ServerMain -  [32m Connection to data base established:  [0m 
2018-06-08 22:07:46 [nioEventLoopGroup-3-1] INFO  Cloud.Server.ServerAuthHandler -  [32m Client connected from: localhost/127.0.0.1 [0m 
2018-06-08 22:07:46 [nioEventLoopGroup-3-1] INFO  Cloud.Server.SQLConnect - User:  [34m LoginTest [0m  authorized
2018-06-08 22:07:46 [nioEventLoopGroup-3-1] INFO  Cloud.Server.ServerAuthHandler - Сlient authorized by name:  [32m LoginTest  [0m 
2018-06-08 22:07:46 [nioEventLoopGroup-3-1] INFO  Cloud.Server.ServerHandler -  [36m Incoming message class Cloud.Common.MessageType.AuthMessage [0m 
2018-06-08 22:07:59 [nioEventLoopGroup-3-1] INFO  Cloud.Server.ServerHandler -  [36m Incoming message class Cloud.Common.MessageType.CommonMessage [0m 
2018-06-08 22:08:13 [nioEventLoopGroup-3-1] INFO  Cloud.Server.ServerHandler -  [36m Incoming message class Cloud.Common.MessageType.CommonMessage [0m 
2018-06-08 22:08:13 [nioEventLoopGroup-3-1] INFO  Cloud.Server.ServerHandler - File 123.txt deleted
2018-06-08 22:08:17 [nioEventLoopGroup-3-1] INFO  Cloud.Server.ServerHandler -  [36m Incoming message class Cloud.Common.MessageType.FileDataMessage [0m 
2018-06-08 22:10:03 [main] INFO  Cloud.Server.ServerMain -  [32m Connection to data base established:  [0m 
2018-06-08 22:10:11 [nioEventLoopGroup-3-1] INFO  Cloud.Server.ServerAuthHandler -  [32m Client connected from: localhost/127.0.0.1 [0m 
2018-06-08 22:10:11 [nioEventLoopGroup-3-1] INFO  Cloud.Server.SQLConnect - User:  [34m LoginTest [0m  authorized
2018-06-08 22:10:11 [nioEventLoopGroup-3-1] INFO  Cloud.Server.ServerAuthHandler - Сlient authorized by name:  [32m LoginTest  [0m 
2018-06-08 22:10:11 [nioEventLoopGroup-2-1] INFO  Cloud.Client.ClientHandler -  [36m Incoming message class Cloud.Common.MessageType.CommonMessage [0m 
2018-06-08 22:10:11 [nioEventLoopGroup-3-1] INFO  Cloud.Server.ServerHandler -  [36m Incoming message class Cloud.Common.MessageType.AuthMessage [0m 
2018-06-08 22:10:11 [nioEventLoopGroup-2-1] INFO  Cloud.Client.ClientHandler -  [36m Incoming message class Cloud.Common.MessageType.FileListMessage [0m 
2018-06-08 22:21:09 [nioEventLoopGroup-3-2] INFO  Cloud.Server.ServerAuthHandler -  [32m Client connected from: localhost/127.0.0.1 [0m 
2018-06-08 22:21:09 [nioEventLoopGroup-3-2] INFO  Cloud.Server.SQLConnect - User:  [34m LoginTest [0m  authorized
2018-06-08 22:21:09 [nioEventLoopGroup-3-2] INFO  Cloud.Server.ServerAuthHandler - Сlient authorized by name:  [32m LoginTest  [0m 
2018-06-08 22:21:09 [nioEventLoopGroup-3-2] INFO  Cloud.Server.ServerHandler -  [36m Incoming message class Cloud.Common.MessageType.AuthMessage [0m 
2018-06-08 22:21:09 [nioEventLoopGroup-2-1] INFO  Cloud.Client.ClientHandler -  [36m Incoming message class Cloud.Common.MessageType.CommonMessage [0m 
2018-06-08 22:21:09 [nioEventLoopGroup-2-1] INFO  Cloud.Client.ClientHandler - Слиени авторизовался на сервере
2018-06-08 22:21:09 [nioEventLoopGroup-2-1] INFO  Cloud.Client.ClientHandler -  [36m Incoming message class Cloud.Common.MessageType.FileListMessage [0m 
2018-06-08 22:21:21 [JavaFX Application Thread] INFO  Cloud.Client.ClientHandler -  [35m Сообщение class Cloud.Common.MessageType.CommonMessage отправленно [0m 
2018-06-08 22:21:21 [nioEventLoopGroup-3-2] INFO  Cloud.Server.ServerHandler -  [36m Incoming message class Cloud.Common.MessageType.CommonMessage [0m 
2018-06-08 22:21:21 [nioEventLoopGroup-2-1] INFO  Cloud.Client.ClientHandler -  [36m Incoming message class Cloud.Common.MessageType.FileListMessage [0m 
2018-06-08 22:21:31 [JavaFX Application Thread] INFO  Cloud.Client.ClientHandler -  [35m Сообщение class Cloud.Common.MessageType.CommonMessage отправленно [0m 
2018-06-08 22:21:31 [nioEventLoopGroup-3-2] INFO  Cloud.Server.ServerHandler -  [36m Incoming message class Cloud.Common.MessageType.CommonMessage [0m 
2018-06-08 22:21:31 [nioEventLoopGroup-3-2] INFO  Cloud.Server.ServerHandler - File 123.txt deleted
2018-06-08 22:21:31 [nioEventLoopGroup-2-1] INFO  Cloud.Client.ClientHandler -  [36m Incoming message class Cloud.Common.MessageType.FileListMessage [0m 
2018-06-08 22:21:37 [JavaFX Application Thread] INFO  Cloud.Client.ClientHandler -  [35m Сообщение class Cloud.Common.MessageType.FileDataMessage отправленно [0m 
2018-06-08 22:21:37 [nioEventLoopGroup-3-2] INFO  Cloud.Server.ServerHandler -  [36m Incoming message class Cloud.Common.MessageType.FileDataMessage [0m 
2018-06-08 22:21:37 [nioEventLoopGroup-2-1] INFO  Cloud.Client.ClientHandler -  [36m Incoming message class Cloud.Common.MessageType.FileListMessage [0m 
