2018-06-05 10:22:04 [main] INFO  Cloud.Server.SQLConnect - Error while connect to BD: false
2018-06-05 10:22:17 [nioEventLoopGroup-3-1] INFO  Cloud.Server.SQLConnect - User LoginTest authorized
2018-06-05 10:22:17 [nioEventLoopGroup-3-1] INFO  Cloud.Server.ServerHandler - Сlient authorized by name: [32m LoginTest [0m 
2018-06-05 10:22:26 [nioEventLoopGroup-3-1] INFO  Cloud.Server.ServerHandler - [36m Incoming message class Cloud.Common.MessageType.FileDataMessage[0m 
2018-06-05 10:23:15 [main] INFO  Cloud.Server.SQLConnect - Error while connect to BD: false
2018-06-05 10:23:31 [nioEventLoopGroup-3-2] ERROR Cloud.Server.SQLConnect - User LoginTest cannot authorized
2018-06-05 10:23:31 [nioEventLoopGroup-3-2] ERROR Cloud.Server.ServerHandler - [31m Client cant be authorized by login: LoginTest[0m 
2018-06-05 10:23:47 [nioEventLoopGroup-3-3] ERROR Cloud.Server.SQLConnect - User LoginTest cannot authorized
2018-06-05 10:23:47 [nioEventLoopGroup-3-3] ERROR Cloud.Server.ServerHandler - [31m Client cant be authorized by login: LoginTest[0m 
2018-06-05 10:23:51 [nioEventLoopGroup-3-4] ERROR Cloud.Server.SQLConnect - User LoginTest cannot authorized
2018-06-05 10:23:51 [nioEventLoopGroup-3-4] ERROR Cloud.Server.ServerHandler - [31m Client cant be authorized by login: LoginTest[0m 
2018-06-05 10:46:12 [main] INFO  Cloud.Server.SQLConnect - Error while connect to BD: false
2018-06-05 10:46:21 [nioEventLoopGroup-3-1] INFO  Cloud.Server.SQLConnect - User LoginTest authorized
2018-06-05 10:46:21 [nioEventLoopGroup-3-1] INFO  Cloud.Server.ServerHandler - Сlient authorized by name: [32m LoginTest [0m 
2018-06-05 10:46:25 [nioEventLoopGroup-3-1] INFO  Cloud.Server.ServerHandler - [36m Incoming message class Cloud.Common.MessageType.FileDataMessage[0m 
2018-06-05 10:49:05 [main] INFO  Cloud.Server.SQLConnect - Error while connect to BD: false
2018-06-05 10:49:12 [nioEventLoopGroup-3-1] INFO  Cloud.Server.SQLConnect - User LoginTest authorized
2018-06-05 10:49:12 [nioEventLoopGroup-3-1] INFO  Cloud.Server.ServerHandler - Сlient authorized by name: [32m LoginTest [0m 
2018-06-05 10:49:15 [nioEventLoopGroup-3-1] INFO  Cloud.Server.ServerHandler - [36m Incoming message class Cloud.Common.MessageType.FileDataMessage[0m 
2018-06-05 10:58:31 [main] INFO  Cloud.Server.SQLConnect - Error while connect to BD: false
2018-06-05 10:58:40 [nioEventLoopGroup-3-1] INFO  Cloud.Server.SQLConnect - User LoginTest authorized
2018-06-05 10:58:40 [nioEventLoopGroup-3-1] INFO  Cloud.Server.ServerHandler - Сlient authorized by name: [32m LoginTest [0m 
